<?xml version="1.0" encoding="UTF-8"?>
<!-- Generated by org.testng.reporters.JUnitReportReporter -->
<testsuite hostname="deejay-Mi-NoteBook-14" failures="0" tests="2" name="tests.HomePage" time="3.657" errors="0" timestamp="2023-09-21T18:22:17 IST" skipped="0">
  <testcase classname="tests.HomePage" name="HomePageTitleVerification" time="2.596"/>
  <testcase classname="tests.HomePage" name="HomePageTitleVerification" time="1.061"/>
</testsuite> <!-- tests.HomePage -->
