<?xml version="1.0" encoding="UTF-8"?>
<!-- Generated by org.testng.reporters.JUnitReportReporter -->
<testsuite hostname="deejay-Mi-NoteBook-14" failures="0" tests="1" name="testngSamplePkg.NewTest" time="4.490" errors="0" timestamp="2023-07-30T22:19:17 IST" skipped="0">
  <testcase classname="testngSamplePkg.NewTest" name="f" time="4.490"/>
</testsuite> <!-- testngSamplePkg.NewTest -->
